<?xml version="1.0" encoding="UTF-8"?>
<!-- Generated by org.testng.reporters.JUnitXMLReporter -->
<testsuite ignored="0" hostname="DESKTOP-D5739PH" failures="0" tests="4" name="Default test" time="91.065" errors="0" timestamp="07 Jan 2019 02:55:17 GMT">
  <testcase classname="com.citis.testcases.ProductNServicesTest" name="createNewService" time="14.672"/>
  <testcase classname="com.citis.testcases.ProductNServicesTest" name="createNewService" time="14.66"/>
  <testcase classname="com.citis.testcases.ProductNServicesTest" name="createNewService" time="14.434"/>
  <testcase classname="com.citis.testcases.ProductNServicesTest" name="createNewService" time="14.675"/>
</testsuite> <!-- Default test -->
