<?xml version="1.0" encoding="UTF-8"?>
<!-- Generated by org.testng.reporters.JUnitXMLReporter -->
<testsuite hostname="DESKTOP-3URJ6ES" ignored="0" name="Default test" tests="3" failures="0" timestamp="10 Jan 2019 06:06:02 GMT" time="20.793" errors="0">
  <testcase name="loginPageTitle" time="0.326" classname="com.citis.testcases.LoginPageTest"/>
  <testcase name="LogoimmageTest" time="0.057" classname="com.citis.testcases.LoginPageTest"/>
  <testcase name="loginTest" time="2.561" classname="com.citis.testcases.LoginPageTest"/>
</testsuite> <!-- Default test -->
