<?xml version="1.0" encoding="UTF-8"?>
<testng-results skipped="0" failed="0" ignored="0" total="3" passed="3">
  <reporter-output>
  </reporter-output>
  <suite name="Default suite" duration-ms="20793" started-at="2019-01-10T06:05:41Z" finished-at="2019-01-10T06:06:02Z">
    <groups>
    </groups>
    <test name="Default test" duration-ms="20793" started-at="2019-01-10T06:05:41Z" finished-at="2019-01-10T06:06:02Z">
      <class name="com.citis.testcases.LoginPageTest">
        <test-method status="PASS" signature="setUp()[pri:0, instance:com.citis.testcases.LoginPageTest@56ef9176]" name="setUp" is-config="true" duration-ms="5771" started-at="2019-01-10T06:05:41Z" finished-at="2019-01-10T06:05:47Z">
          <reporter-output>
          </reporter-output>
        </test-method> <!-- setUp -->
        <test-method status="PASS" signature="loginPageTitle()[pri:1, instance:com.citis.testcases.LoginPageTest@56ef9176]" name="loginPageTitle" duration-ms="326" started-at="2019-01-10T06:05:47Z" finished-at="2019-01-10T06:05:47Z">
          <reporter-output>
          </reporter-output>
        </test-method> <!-- loginPageTitle -->
        <test-method status="PASS" signature="tearDown()[pri:0, instance:com.citis.testcases.LoginPageTest@56ef9176]" name="tearDown" is-config="true" duration-ms="1027" started-at="2019-01-10T06:05:47Z" finished-at="2019-01-10T06:05:48Z">
          <reporter-output>
          </reporter-output>
        </test-method> <!-- tearDown -->
        <test-method status="PASS" signature="setUp()[pri:0, instance:com.citis.testcases.LoginPageTest@56ef9176]" name="setUp" is-config="true" duration-ms="4685" started-at="2019-01-10T06:05:48Z" finished-at="2019-01-10T06:05:53Z">
          <reporter-output>
          </reporter-output>
        </test-method> <!-- setUp -->
        <test-method status="PASS" signature="LogoimmageTest()[pri:2, instance:com.citis.testcases.LoginPageTest@56ef9176]" name="LogoimmageTest" duration-ms="57" started-at="2019-01-10T06:05:53Z" finished-at="2019-01-10T06:05:53Z">
          <reporter-output>
          </reporter-output>
        </test-method> <!-- LogoimmageTest -->
        <test-method status="PASS" signature="tearDown()[pri:0, instance:com.citis.testcases.LoginPageTest@56ef9176]" name="tearDown" is-config="true" duration-ms="867" started-at="2019-01-10T06:05:53Z" finished-at="2019-01-10T06:05:54Z">
          <reporter-output>
          </reporter-output>
        </test-method> <!-- tearDown -->
        <test-method status="PASS" signature="setUp()[pri:0, instance:com.citis.testcases.LoginPageTest@56ef9176]" name="setUp" is-config="true" duration-ms="4473" started-at="2019-01-10T06:05:54Z" finished-at="2019-01-10T06:05:58Z">
          <reporter-output>
          </reporter-output>
        </test-method> <!-- setUp -->
        <test-method status="PASS" signature="loginTest()[pri:3, instance:com.citis.testcases.LoginPageTest@56ef9176]" name="loginTest" duration-ms="2561" started-at="2019-01-10T06:05:58Z" finished-at="2019-01-10T06:06:01Z">
          <reporter-output>
          </reporter-output>
        </test-method> <!-- loginTest -->
        <test-method status="PASS" signature="tearDown()[pri:0, instance:com.citis.testcases.LoginPageTest@56ef9176]" name="tearDown" is-config="true" duration-ms="943" started-at="2019-01-10T06:06:01Z" finished-at="2019-01-10T06:06:02Z">
          <reporter-output>
          </reporter-output>
        </test-method> <!-- tearDown -->
      </class> <!-- com.citis.testcases.LoginPageTest -->
    </test> <!-- Default test -->
  </suite> <!-- Default suite -->
</testng-results>
